[INFO  - 2017-05-15T02:36:25.961Z] GhostDriver - Main - running on port 65248
[INFO  - 2017-05-15T02:36:26.135Z] Session [4adfc720-3917-11e7-8410-35eda2ec116a] - page.settings - {"XSSAuditingEnabled":false,"javascriptCanCloseWindows":true,"javascriptCanOpenWindows":true,"javascriptEnabled":true,"loadImages":false,"localToRemoteUrlAccessEnabled":false,"userAgent":"Mozilla/5.0 (Macintosh; Intel Mac OS X 10_12_4) AppleWebKit/537.36 (KHTML, like Gecko) Chrome/57.0.2987.133 Safari/537.36","webSecurityEnabled":true}
[INFO  - 2017-05-15T02:36:26.135Z] Session [4adfc720-3917-11e7-8410-35eda2ec116a] - page.customHeaders:  - {}
[INFO  - 2017-05-15T02:36:26.135Z] Session [4adfc720-3917-11e7-8410-35eda2ec116a] - Session.negotiatedCapabilities - {"browserName":"phantomjs","version":"2.1.1","driverName":"ghostdriver","driverVersion":"1.2.0","platform":"mac-unknown-64bit","javascriptEnabled":true,"takesScreenshot":true,"handlesAlerts":false,"databaseEnabled":false,"locationContextEnabled":false,"applicationCacheEnabled":false,"browserConnectionEnabled":false,"cssSelectorsEnabled":true,"webStorageEnabled":false,"rotatable":false,"acceptSslCerts":false,"nativeEvents":true,"proxy":{"proxyType":"direct"},"phantomjs.page.settings.userAgent":"Mozilla/5.0 (Macintosh; Intel Mac OS X 10_12_4) AppleWebKit/537.36 (KHTML, like Gecko) Chrome/57.0.2987.133 Safari/537.36"}
[INFO  - 2017-05-15T02:36:26.135Z] SessionManagerReqHand - _postNewSessionCommand - New Session Created: 4adfc720-3917-11e7-8410-35eda2ec116a
[ERROR - 2017-05-15T02:36:26.141Z] RouterReqHand - _handle.error - {"name":"Missing Command Parameter","message":"{\"headers\":{\"Accept\":\"application/json\",\"Accept-Encoding\":\"identity\",\"Connection\":\"close\",\"Content-Length\":\"72\",\"Content-Type\":\"application/json;charset=UTF-8\",\"Host\":\"127.0.0.1:65248\",\"User-Agent\":\"Python http auth\"},\"httpVersion\":\"1.1\",\"method\":\"POST\",\"post\":\"{\\\"pageLoad\\\": 30000, \\\"sessionId\\\": \\\"4adfc720-3917-11e7-8410-35eda2ec116a\\\"}\",\"url\":\"/timeouts\",\"urlParsed\":{\"anchor\":\"\",\"query\":\"\",\"file\":\"timeouts\",\"directory\":\"/\",\"path\":\"/timeouts\",\"relative\":\"/timeouts\",\"port\":\"\",\"host\":\"\",\"password\":\"\",\"user\":\"\",\"userInfo\":\"\",\"authority\":\"\",\"protocol\":\"\",\"source\":\"/timeouts\",\"queryKey\":{},\"chunks\":[\"timeouts\"]},\"urlOriginal\":\"/session/4adfc720-3917-11e7-8410-35eda2ec116a/timeouts\"}","line":546,"sourceURL":"phantomjs://code/session_request_handler.js","stack":"_postTimeout@phantomjs://code/session_request_handler.js:546:73\n_handle@phantomjs://code/session_request_handler.js:148:25\n_reroute@phantomjs://code/request_handler.js:61:20\n_handle@phantomjs://code/router_request_handler.js:78:46"}

  phantomjs://platform/console++.js:263 in error
[ERROR - 2017-05-15T02:36:37.684Z] Session [4adfc720-3917-11e7-8410-35eda2ec116a] - page.onError - msg: TypeError: undefined is not a constructor (evaluating 'Object.assign')

  phantomjs://platform/console++.js:263 in error
[ERROR - 2017-05-15T02:36:37.685Z] Session [4adfc720-3917-11e7-8410-35eda2ec116a] - page.onError - stack:
  (anonymous function) (https://static.xx.fbcdn.net/rsrc.php/v3/yG/r/OoiHgnWq65g.js:16)

  phantomjs://platform/console++.js:263 in error
[ERROR - 2017-05-15T02:36:37.686Z] Session [4adfc720-3917-11e7-8410-35eda2ec116a] - page.onError - msg: ReferenceError: Can't find variable: require

  phantomjs://platform/console++.js:263 in error
[ERROR - 2017-05-15T02:36:37.686Z] Session [4adfc720-3917-11e7-8410-35eda2ec116a] - page.onError - stack:
  global code (https://www.facebook.com/qingluan.hu:13)

  phantomjs://platform/console++.js:263 in error
[ERROR - 2017-05-15T02:36:37.765Z] Session [4adfc720-3917-11e7-8410-35eda2ec116a] - page.onError - msg: ReferenceError: Can't find variable: require

  phantomjs://platform/console++.js:263 in error
[ERROR - 2017-05-15T02:36:37.765Z] Session [4adfc720-3917-11e7-8410-35eda2ec116a] - page.onError - stack:
  global code (https://www.facebook.com/qingluan.hu:13)

  phantomjs://platform/console++.js:263 in error
[ERROR - 2017-05-15T02:36:37.766Z] Session [4adfc720-3917-11e7-8410-35eda2ec116a] - page.onError - msg: ReferenceError: Can't find variable: requireLazy

  phantomjs://platform/console++.js:263 in error
[ERROR - 2017-05-15T02:36:37.766Z] Session [4adfc720-3917-11e7-8410-35eda2ec116a] - page.onError - stack:
  global code (https://www.facebook.com/qingluan.hu:15)

  phantomjs://platform/console++.js:263 in error
[ERROR - 2017-05-15T02:36:37.766Z] Session [4adfc720-3917-11e7-8410-35eda2ec116a] - page.onError - msg: ReferenceError: Can't find variable: requireLazy

  phantomjs://platform/console++.js:263 in error
[ERROR - 2017-05-15T02:36:37.766Z] Session [4adfc720-3917-11e7-8410-35eda2ec116a] - page.onError - stack:
  global code (https://www.facebook.com/qingluan.hu:17)

  phantomjs://platform/console++.js:263 in error
[ERROR - 2017-05-15T02:36:37.766Z] Session [4adfc720-3917-11e7-8410-35eda2ec116a] - page.onError - msg: ReferenceError: Can't find variable: onloadRegister_DEPRECATED

  phantomjs://platform/console++.js:263 in error
[ERROR - 2017-05-15T02:36:37.766Z] Session [4adfc720-3917-11e7-8410-35eda2ec116a] - page.onError - stack:
  global code (https://www.facebook.com/qingluan.hu:18)

  phantomjs://platform/console++.js:263 in error
